================================================================================
FULL ETL PIPELINE - BẮT ĐẦU
================================================================================
Run ID: 20251210_013206
Database: DB_20251210_013206
Thời gian bắt đầu: 2025-12-10 01:32:06
Pipeline log file: staging\error\pipeline_run_20251210_013206.log
================================================================================

╔==============================================================================╗
║  STEP 1: PRODUCER - CSV/SQL → RabbitMQ                                       ║
╚==============================================================================╝
Bắt đầu: 2025-12-10 01:32:06
✅ STEP 1 hoàn thành trong 0.94 giây
Kết thúc: 2025-12-10 01:32:07

╔==============================================================================╗
║  STEP 2: RAW CONSUMER - RabbitMQ → staging/raw/                              ║
╚==============================================================================╝
Bắt đầu: 2025-12-10 01:32:09
✅ STEP 2 hoàn thành trong 2.18 giây
Kết thúc: 2025-12-10 01:32:12

╔==============================================================================╗
║  STEP 3: QUALITY ENGINE - staging/raw/ → clean/error/                       ║
╚==============================================================================╝
Bắt đầu: 2025-12-10 01:32:12
✅ STEP 3 hoàn thành trong 0.51 giây
Kết thúc: 2025-12-10 01:32:12

╔==============================================================================╗
║  STEP 4: TRANSFORM & LOAD - staging/clean/ → SQL Server                    ║
╚==============================================================================╝
Bắt đầu: 2025-12-10 01:32:12
✅ STEP 4 hoàn thành trong 3.03 giây
Kết thúc: 2025-12-10 01:32:15

================================================================================
🎉 FULL PIPELINE HOÀN THÀNH
================================================================================

📊 Thông tin:
   • Run ID: 20251210_013206
   • Database: DB_20251210_013206
   • Thời gian bắt đầu: 2025-12-10 01:32:06
   • Thời gian kết thúc: 2025-12-10 01:32:15
   • Tổng thời gian: 8.68 giây

⏱️  Thời gian từng bước:
   • STEP1: 0.94 giây
   • STEP2: 2.18 giây
   • STEP3: 0.51 giây
   • STEP4: 3.03 giây

✅ Kết quả từng bước:
   • STEP1: SUCCESS
   • STEP2: SUCCESS
   • STEP3: SUCCESS
   • STEP4: SUCCESS

📁 Output Directories:
   • RAW Zone: staging/raw/
   • CLEAN Zone: staging/clean/
   • ERROR Zone: staging/error/

💾 SQL Server:
   • Database: DB_20251210_013206
   • Schema: staging
   • Tables: *_csv, *_sql

📝 Logs:
   • Pipeline: logs/pipeline.log
   • Data: logs/data.log
   • Error: logs/error.log
   • Pipeline Run Log: staging\error\pipeline_run_20251210_013206.log

✅ Pipeline đã hoàn thành thành công!
================================================================================
